<?xml version="1.0" encoding="UTF-8"?>
<testng-results ignored="0" total="2" passed="2" failed="0" skipped="0">
  <reporter-output>
  </reporter-output>
  <suite started-at="2023-04-13T02:27:09 EET" name="Command line suite" finished-at="2023-04-13T02:27:52 EET" duration-ms="43286">
    <groups>
    </groups>
    <test started-at="2023-04-13T02:27:09 EET" name="Command line test" finished-at="2023-04-13T02:27:52 EET" duration-ms="43286">
      <class name="DemoTest">
        <test-method is-config="true" signature="setup()[pri:0, instance:DemoTest@16267862]" started-at="2023-04-13T02:27:09 EET" name="setup" finished-at="2023-04-13T02:27:12 EET" duration-ms="3025" status="PASS">
          <reporter-output>
          </reporter-output>
        </test-method> <!-- setup -->
        <test-method signature="flightTest(java.util.HashMap)[pri:0, instance:DemoTest@16267862]" started-at="2023-04-13T02:27:12 EET" name="flightTest" data-provider="getData" finished-at="2023-04-13T02:27:41 EET" duration-ms="29390" status="PASS">
          <params>
            <param index="0">
              <value>
                <![CDATA[{destination=RDP, from=MAA}]]>
              </value>
            </param>
          </params>
          <reporter-output>
          </reporter-output>
        </test-method> <!-- flightTest -->
        <test-method signature="flightTest(java.util.HashMap)[pri:0, instance:DemoTest@16267862]" started-at="2023-04-13T02:27:41 EET" name="flightTest" data-provider="getData" finished-at="2023-04-13T02:27:51 EET" duration-ms="10011" status="PASS">
          <params>
            <param index="0">
              <value>
                <![CDATA[{destination=RDP, from=MAA, destination2=PNQ}]]>
              </value>
            </param>
          </params>
          <reporter-output>
          </reporter-output>
        </test-method> <!-- flightTest -->
        <test-method is-config="true" signature="quitDriver()[pri:0, instance:DemoTest@16267862]" started-at="2023-04-13T02:27:51 EET" name="quitDriver" finished-at="2023-04-13T02:27:52 EET" duration-ms="676" status="PASS">
          <reporter-output>
          </reporter-output>
        </test-method> <!-- quitDriver -->
      </class> <!-- DemoTest -->
    </test> <!-- Command line test -->
  </suite> <!-- Command line suite -->
</testng-results>
